<?xml version="1.0" encoding="UTF-8"?>
<!-- Generated by org.testng.reporters.JUnitXMLReporter -->
<testsuite ignored="0" hostname="DESKTOP-P9PVKT7" failures="2" tests="13" name="Test" time="4.729" errors="0" timestamp="2020-01-13T13:59:30 IST">
  <testcase classname="customintegration.testcases.TC003_RenameChannel" name="@BeforeClass get" time="0.001">
    <failure type="java.lang.NullPointerException">
      <![CDATA[java.lang.NullPointerException
at customintegration.testcases.TC003_RenameChannel.get(TC003_RenameChannel.java:32)
at java.base/java.util.ArrayList.forEach(ArrayList.java:1507)
... Removed 25 stack frames]]>
    </failure>
  </testcase> <!-- @BeforeClass get -->
  <testcase classname="customintegration.testcases.TC005_ArchiveChannel" name="CheckStatusCode" time="0.453">
    <failure type="java.lang.ClassCastException" message="class java.lang.Boolean cannot be cast to class java.lang.String (java.lang.Boolean and java.lang.String are in module java.base of loader &amp;apos;bootstrap&amp;apos;)">
      <![CDATA[java.lang.ClassCastException: class java.lang.Boolean cannot be cast to class java.lang.String (java.lang.Boolean and java.lang.String are in module java.base of loader 'bootstrap')
at customintegration.testcases.TC005_ArchiveChannel.CheckStatusCode(TC005_ArchiveChannel.java:65)
at java.base/java.util.ArrayList.forEach(ArrayList.java:1507)
... Removed 27 stack frames]]>
    </failure>
  </testcase> <!-- CheckStatusCode -->
  <testcase classname="customintegration.testcases.TC005_ArchiveChannel" name="ValidateArchive" time="0.023">
    <failure type="java.lang.ClassCastException" message="class java.lang.Boolean cannot be cast to class java.lang.String (java.lang.Boolean and java.lang.String are in module java.base of loader &amp;apos;bootstrap&amp;apos;)">
      <![CDATA[java.lang.ClassCastException: class java.lang.Boolean cannot be cast to class java.lang.String (java.lang.Boolean and java.lang.String are in module java.base of loader 'bootstrap')
at customintegration.testcases.TC005_ArchiveChannel.ValidateArchive(TC005_ArchiveChannel.java:80)
at java.base/java.util.ArrayList.forEach(ArrayList.java:1507)
... Removed 27 stack frames]]>
    </failure>
  </testcase> <!-- ValidateArchive -->
  <testcase classname="customintegration.testcases.TC005_ArchiveChannel" name="checkResponseBody" time="0.003"/>
  <testcase classname="customintegration.testcases.TC003_RenameChannel" name="CheckStatusCode" time="0.0">
    <skipped/>
  </testcase> <!-- CheckStatusCode -->
  <testcase classname="customintegration.testcases.TC003_RenameChannel" name="checkResponseBody" time="0.0">
    <skipped/>
  </testcase> <!-- checkResponseBody -->
  <testcase classname="customintegration.testcases.TC004_GETChannel" name="CheckStatusCode" time="0.001"/>
  <testcase classname="customintegration.testcases.TC004_GETChannel" name="ValidatingArchive" time="0.002"/>
  <testcase classname="customintegration.testcases.TC004_GETChannel" name="checkResponseBody" time="0.006"/>
  <testcase classname="customintegration.testcases.TC001_CreateChannel" name="CheckStatusCode" time="0.001"/>
  <testcase classname="customintegration.testcases.TC001_CreateChannel" name="checkResponseBody" time="0.002"/>
  <testcase classname="customintegration.testcases.TC002_JoinNewlyCreatedChannel" name="CheckStatusCode" time="0.002"/>
  <testcase classname="customintegration.testcases.TC002_JoinNewlyCreatedChannel" name="checkResponseBody" time="0.007"/>
  <testcase classname="customintegration.testcases.PlivoTest" name="f" time="0.005"/>
</testsuite> <!-- Test -->
